<?xml version="1.0" encoding="UTF-8"?>
<testsuite name="org.example.service.FuzzyServiceTest" tests="15" skipped="0" failures="0" errors="0" timestamp="2026-01-21T22:18:20" hostname="runnervmmtnos" time="0.058">
  <properties/>
  <testcase name="testBuildFuzzySearchUrl_WithAllowedHost_Success()" classname="org.example.service.FuzzyServiceTest" time="0.025"/>
  <testcase name="testValidateCallbackUrl_With127_0_0_1_Success()" classname="org.example.service.FuzzyServiceTest" time="0.002"/>
  <testcase name="testValidateCallbackUrl_WithEmptyUrl_ThrowsException()" classname="org.example.service.FuzzyServiceTest" time="0.002"/>
  <testcase name="testValidateCallbackUrl_WithAPISubdomain_Success()" classname="org.example.service.FuzzyServiceTest" time="0.002"/>
  <testcase name="testValidateCallbackUrl_WithWhitespaceUrl_ThrowsException()" classname="org.example.service.FuzzyServiceTest" time="0.002"/>
  <testcase name="testBuildFuzzySearchUrl_WithMetadataEndpoint_ThrowsException()" classname="org.example.service.FuzzyServiceTest" time="0.002"/>
  <testcase name="testValidateCallbackUrl_WithNullUrl_ThrowsException()" classname="org.example.service.FuzzyServiceTest" time="0.001"/>
  <testcase name="testBuildFuzzySearchUrl_WithExternalAttackerHost_ThrowsException()" classname="org.example.service.FuzzyServiceTest" time="0.001"/>
  <testcase name="testValidateCallbackUrl_WithExternalMaliciousSite_ThrowsException()" classname="org.example.service.FuzzyServiceTest" time="0.001"/>
  <testcase name="testBuildFuzzySearchUrl_WithLocalhost_Success()" classname="org.example.service.FuzzyServiceTest" time="0.001"/>
  <testcase name="testValidateCallbackUrl_WithAllowedHost_Success()" classname="org.example.service.FuzzyServiceTest" time="0.001"/>
  <testcase name="testValidateCallbackUrl_WithUntrustedHost_ThrowsException()" classname="org.example.service.FuzzyServiceTest" time="0.002"/>
  <testcase name="testBuildFuzzySearchUrl_WithInternalIP_ThrowsException()" classname="org.example.service.FuzzyServiceTest" time="0.001"/>
  <testcase name="testValidateCallbackUrl_WithTrustedPartner_Success()" classname="org.example.service.FuzzyServiceTest" time="0.001"/>
  <testcase name="testBuildFuzzySearchUrl_WithUntrustedHost_ThrowsException()" classname="org.example.service.FuzzyServiceTest" time="0.002"/>
  <system-out><![CDATA[]]></system-out>
  <system-err><![CDATA[]]></system-err>
</testsuite>
